  QA.cpp
c1xx : warning C4199: 2 フェーズの名前参照は、C++/CLI、C++/CX、OpenMP ではサポートされていません。/Zc:twoPhase- を使用します
c:\users\theo\documents\research\qa\qaforqap\qaforqap\qa\qa.cpp(138): warning C4267: '引数': 'size_t' から '_Ty' に変換しました。データが失われているかもしれません。
          with
          [
              _Ty=int
          ]
c:\users\theo\documents\research\qa\qaforqap\qaforqap\qa\qa.cpp(278): warning C4244: '+=': 'double' から 'int' への変換です。データが失われる可能性があります。
c:\users\theo\documents\research\qa\qaforqap\qaforqap\qa\qa.cpp(287): warning C4244: '+=': 'double' から 'int' への変換です。データが失われる可能性があります。
c:\users\theo\documents\research\qa\qaforqap\qaforqap\qa\qa.cpp(312): warning C4244: '+=': 'double' から 'int' への変換です。データが失われる可能性があります。
c:\users\theo\documents\research\qa\qaforqap\qaforqap\qa\qa.cpp(318): warning C4244: '+=': 'double' から 'int' への変換です。データが失われる可能性があります。
  QAManager.cpp
c1xx : warning C4199: 2 フェーズの名前参照は、C++/CLI、C++/CX、OpenMP ではサポートされていません。/Zc:twoPhase- を使用します
c:\users\theo\documents\research\qa\qaforqap\qaforqap\qa\sa.h(19): warning C4267: '引数': 'size_t' から '_Ty' に変換しました。データが失われているかもしれません。
          with
          [
              _Ty=int
          ]
  main.cpp
c1xx : warning C4199: 2 フェーズの名前参照は、C++/CLI、C++/CX、OpenMP ではサポートされていません。/Zc:twoPhase- を使用します
c:\users\theo\documents\research\qa\qaforqap\qaforqap\qa\sa.h(19): warning C4267: '引数': 'size_t' から '_Ty' に変換しました。データが失われているかもしれません。
          with
          [
              _Ty=int
          ]
  コード生成しています。
  6 of 438 functions ( 1.4%) were compiled, the rest were copied from previous compilation.
    0 functions were new in current compilation
    0 functions had inline decision re-evaluated but remain unchanged
  コード生成が終了しました。
  QA.vcxproj -> C:\Users\theo\Documents\research\QA\QAforQAP\QAforQAP\x64\Release\QA.exe
