  main.cpp
c1xx : warning C4199: 2 フェーズの名前参照は、C++/CLI、C++/CX、OpenMP ではサポートされていません。/Zc:twoPhase- を使用します
c:\users\theo\documents\research\qa\qaforqap\qaforqap\qa\sa.h(19): warning C4267: '引数': 'size_t' から '_Ty' に変換しました。データが失われているかもしれません。
          with
          [
              _Ty=int
          ]
  QA.cpp
c1xx : warning C4199: 2 フェーズの名前参照は、C++/CLI、C++/CX、OpenMP ではサポートされていません。/Zc:twoPhase- を使用します
c:\users\theo\documents\research\qa\qaforqap\qaforqap\qa\qa.cpp(225): warning C4244: '+=': 'double' から 'int' への変換です。データが失われる可能性があります。
c:\users\theo\documents\research\qa\qaforqap\qaforqap\qa\qa.cpp(235): warning C4244: '+=': 'double' から 'int' への変換です。データが失われる可能性があります。
  QAManager.cpp
c1xx : warning C4199: 2 フェーズの名前参照は、C++/CLI、C++/CX、OpenMP ではサポートされていません。/Zc:twoPhase- を使用します
c:\users\theo\documents\research\qa\qaforqap\qaforqap\qa\sa.h(19): warning C4267: '引数': 'size_t' から '_Ty' に変換しました。データが失われているかもしれません。
          with
          [
              _Ty=int
          ]
  SearchParameter.cpp
c1xx : warning C4199: 2 フェーズの名前参照は、C++/CLI、C++/CX、OpenMP ではサポートされていません。/Zc:twoPhase- を使用します
c:\users\theo\documents\research\qa\qaforqap\qaforqap\qa\sa.h(19): warning C4267: '引数': 'size_t' から '_Ty' に変換しました。データが失われているかもしれません。
          with
          [
              _Ty=int
          ]
c:\users\theo\documents\research\qa\qaforqap\qaforqap\qa\searchparameter.cpp(44): warning C4244: 'return': 'double' から 'int' への変換です。データが失われる可能性があります。
c:\users\theo\documents\research\qa\qaforqap\qaforqap\qa\searchparameter.cpp(55): warning C4244: '=': 'double' から 'int' への変換です。データが失われる可能性があります。
c:\users\theo\documents\research\qa\qaforqap\qaforqap\qa\searchparameter.cpp(56): warning C4244: '=': 'double' から 'int' への変換です。データが失われる可能性があります。
c:\users\theo\documents\research\qa\qaforqap\qaforqap\qa\searchparameter.cpp(95): warning C4244: 'return': 'double' から 'int' への変換です。データが失われる可能性があります。
c:\users\theo\documents\research\qa\qaforqap\qaforqap\qa\searchparameter.cpp(111): warning C4267: '初期化中': 'size_t' から 'int' に変換しました。データが失われているかもしれません。
c:\users\theo\documents\research\qa\qaforqap\qaforqap\qa\searchparameter.cpp(131): warning C4244: 'return': 'double' から 'int' への変換です。データが失われる可能性があります。
  コードを生成中...
  QA.vcxproj -> C:\Users\theo\Documents\research\QA\QAforQAP\QAforQAP\x64\Debug\QA.exe
